<?xml version="1.0" encoding="UTF-8"?>
<testng-results ignored="0" total="7" passed="2" failed="2" skipped="3">
  <reporter-output>
  </reporter-output>
  <suite started-at="2023-09-10T06:06:39 IST" name="Helpdesk Test Suite" finished-at="2023-09-10T06:10:18 IST" duration-ms="218645">
    <groups>
      <group name="Scenario_Two">
        <method signature="Testing.verifyThatCreated_status_and_priority_isDefaulted()[pri:2, instance:happyfox.helpdesk_automation.suites.Testing@7e07db1f]" name="verifyThatCreated_status_and_priority_isDefaulted" class="happyfox.helpdesk_automation.suites.Testing"/>
        <method signature="Testing.createTicket_fromSupport_newTicketPage()[pri:3, instance:happyfox.helpdesk_automation.suites.Testing@7e07db1f]" name="createTicket_fromSupport_newTicketPage" class="happyfox.helpdesk_automation.suites.Testing"/>
        <method signature="Testing.replyingtheTicket_usingCannedAction_andVerifyingThePropertyChange()[pri:5, instance:happyfox.helpdesk_automation.suites.Testing@7e07db1f]" name="replyingtheTicket_usingCannedAction_andVerifyingThePropertyChange" class="happyfox.helpdesk_automation.suites.Testing"/>
        <method signature="Testing.verifyThat_ticketCreated_with_defaultStatus_and_defaultPriority()[pri:4, instance:happyfox.helpdesk_automation.suites.Testing@7e07db1f]" name="verifyThat_ticketCreated_with_defaultStatus_and_defaultPriority" class="happyfox.helpdesk_automation.suites.Testing"/>
        <method signature="Testing.verifyThat_ticketisUpdated_withCannedActionProperties()[pri:6, instance:happyfox.helpdesk_automation.suites.Testing@7e07db1f]" name="verifyThat_ticketisUpdated_withCannedActionProperties" class="happyfox.helpdesk_automation.suites.Testing"/>
      </group> <!-- Scenario_Two -->
      <group name="Scenario_Three">
        <method signature="Testing.scenarioThree()[pri:7, instance:happyfox.helpdesk_automation.suites.Testing@7e07db1f]" name="scenarioThree" class="happyfox.helpdesk_automation.suites.Testing"/>
      </group> <!-- Scenario_Three -->
      <group name="Scenario_One">
        <method signature="Testing.verify_status_and_priority_isCreated()[pri:1, instance:happyfox.helpdesk_automation.suites.Testing@7e07db1f]" name="verify_status_and_priority_isCreated" class="happyfox.helpdesk_automation.suites.Testing"/>
      </group> <!-- Scenario_One -->
    </groups>
    <test started-at="2023-09-10T06:06:39 IST" name="Happyfox Helpdesk Automation" finished-at="2023-09-10T06:10:18 IST" duration-ms="218645">
      <class name="happyfox.helpdesk_automation.suites.Testing">
        <test-method is-config="true" signature="setUp()[pri:0, instance:happyfox.helpdesk_automation.suites.Testing@7e07db1f]" started-at="2023-09-10T06:06:39 IST" name="setUp" finished-at="2023-09-10T06:07:20 IST" duration-ms="40470" status="PASS">
          <reporter-output>
          </reporter-output>
        </test-method> <!-- setUp -->
        <test-method is-config="true" signature="beforeMethod()[pri:0, instance:happyfox.helpdesk_automation.suites.Testing@7e07db1f]" started-at="2023-09-10T06:07:20 IST" name="beforeMethod" finished-at="2023-09-10T06:07:20 IST" duration-ms="0" status="PASS">
          <reporter-output>
          </reporter-output>
        </test-method> <!-- beforeMethod -->
        <test-method signature="verify_status_and_priority_isCreated()[pri:1, instance:happyfox.helpdesk_automation.suites.Testing@7e07db1f]" started-at="2023-09-10T06:07:20 IST" name="verify_status_and_priority_isCreated" finished-at="2023-09-10T06:08:01 IST" duration-ms="41495" status="PASS">
          <reporter-output>
          </reporter-output>
        </test-method> <!-- verify_status_and_priority_isCreated -->
        <test-method is-config="true" signature="afetrMethod()[pri:0, instance:happyfox.helpdesk_automation.suites.Testing@7e07db1f]" started-at="2023-09-10T06:08:01 IST" name="afetrMethod" finished-at="2023-09-10T06:08:10 IST" duration-ms="8918" status="PASS">
          <reporter-output>
          </reporter-output>
        </test-method> <!-- afetrMethod -->
        <test-method is-config="true" signature="beforeMethod()[pri:0, instance:happyfox.helpdesk_automation.suites.Testing@7e07db1f]" started-at="2023-09-10T06:08:10 IST" name="beforeMethod" finished-at="2023-09-10T06:08:10 IST" duration-ms="0" status="PASS">
          <reporter-output>
          </reporter-output>
        </test-method> <!-- beforeMethod -->
        <test-method signature="verifyThatCreated_status_and_priority_isDefaulted()[pri:2, instance:happyfox.helpdesk_automation.suites.Testing@7e07db1f]" started-at="2023-09-10T06:08:10 IST" name="verifyThatCreated_status_and_priority_isDefaulted" finished-at="2023-09-10T06:09:40 IST" depends-on-methods="happyfox.helpdesk_automation.suites.Testing.verify_status_and_priority_isCreated" duration-ms="89680" status="PASS">
          <reporter-output>
          </reporter-output>
        </test-method> <!-- verifyThatCreated_status_and_priority_isDefaulted -->
        <test-method is-config="true" signature="afetrMethod()[pri:0, instance:happyfox.helpdesk_automation.suites.Testing@7e07db1f]" started-at="2023-09-10T06:09:40 IST" name="afetrMethod" finished-at="2023-09-10T06:09:52 IST" duration-ms="12396" status="PASS">
          <reporter-output>
          </reporter-output>
        </test-method> <!-- afetrMethod -->
        <test-method is-config="true" signature="beforeMethod()[pri:0, instance:happyfox.helpdesk_automation.suites.Testing@7e07db1f]" started-at="2023-09-10T06:09:52 IST" name="beforeMethod" finished-at="2023-09-10T06:09:52 IST" duration-ms="0" status="PASS">
          <reporter-output>
          </reporter-output>
        </test-method> <!-- beforeMethod -->
        <test-method signature="createTicket_fromSupport_newTicketPage()[pri:3, instance:happyfox.helpdesk_automation.suites.Testing@7e07db1f]" started-at="2023-09-10T06:09:52 IST" name="createTicket_fromSupport_newTicketPage" finished-at="2023-09-10T06:10:07 IST" depends-on-methods="happyfox.helpdesk_automation.suites.Testing.verifyThatCreated_status_and_priority_isDefaulted" duration-ms="14650" status="FAIL">
          <exception class="java.lang.ClassCastException">
            <message>
              <![CDATA[class jdk.proxy2.$Proxy22 cannot be cast to class org.openqa.selenium.By (jdk.proxy2.$Proxy22 is in module jdk.proxy2 of loader 'app'; org.openqa.selenium.By is in unnamed module of loader 'app')]]>
            </message>
            <full-stacktrace>
              <![CDATA[java.lang.ClassCastException: class jdk.proxy2.$Proxy22 cannot be cast to class org.openqa.selenium.By (jdk.proxy2.$Proxy22 is in module jdk.proxy2 of loader 'app'; org.openqa.selenium.By is in unnamed module of loader 'app')
at happyfox.helpdesk_automation.pages.support.newTicket.NewTicket.ticketCreatedMsg(NewTicket.java:92)
at happyfox.helpdesk_automation.suites.Testing.createTicket_fromSupport_newTicketPage(Testing.java:197)
at java.base/jdk.internal.reflect.DirectMethodHandleAccessor.invoke(DirectMethodHandleAccessor.java:104)
at java.base/java.lang.reflect.Method.invoke(Method.java:578)
at org.testng.internal.MethodInvocationHelper.invokeMethod(MethodInvocationHelper.java:133)
at org.testng.internal.TestInvoker.invokeMethod(TestInvoker.java:598)
at org.testng.internal.TestInvoker.invokeTestMethod(TestInvoker.java:173)
at org.testng.internal.MethodRunner.runInSequence(MethodRunner.java:46)
at org.testng.internal.TestInvoker$MethodInvocationAgent.invoke(TestInvoker.java:824)
at org.testng.internal.TestInvoker.invokeTestMethods(TestInvoker.java:146)
at org.testng.internal.TestMethodWorker.invokeTestMethods(TestMethodWorker.java:146)
at org.testng.internal.TestMethodWorker.run(TestMethodWorker.java:128)
at java.base/java.util.ArrayList.forEach(ArrayList.java:1511)
at org.testng.TestRunner.privateRun(TestRunner.java:794)
at org.testng.TestRunner.run(TestRunner.java:596)
at org.testng.SuiteRunner.runTest(SuiteRunner.java:377)
at org.testng.SuiteRunner.runSequentially(SuiteRunner.java:371)
at org.testng.SuiteRunner.privateRun(SuiteRunner.java:332)
at org.testng.SuiteRunner.run(SuiteRunner.java:276)
at org.testng.SuiteRunnerWorker.runSuite(SuiteRunnerWorker.java:53)
at org.testng.SuiteRunnerWorker.run(SuiteRunnerWorker.java:96)
at org.testng.TestNG.runSuitesSequentially(TestNG.java:1212)
at org.testng.TestNG.runSuitesLocally(TestNG.java:1134)
at org.testng.TestNG.runSuites(TestNG.java:1063)
at org.testng.TestNG.run(TestNG.java:1031)
at org.testng.remote.AbstractRemoteTestNG.run(AbstractRemoteTestNG.java:115)
at org.testng.remote.RemoteTestNG.initAndRun(RemoteTestNG.java:251)
at org.testng.remote.RemoteTestNG.main(RemoteTestNG.java:77)
]]>
            </full-stacktrace>
          </exception> <!-- java.lang.ClassCastException -->
          <reporter-output>
          </reporter-output>
        </test-method> <!-- createTicket_fromSupport_newTicketPage -->
        <test-method is-config="true" signature="afetrMethod()[pri:0, instance:happyfox.helpdesk_automation.suites.Testing@7e07db1f]" started-at="2023-09-10T06:10:07 IST" name="afetrMethod" finished-at="2023-09-10T06:10:15 IST" duration-ms="8121" status="PASS">
          <reporter-output>
          </reporter-output>
        </test-method> <!-- afetrMethod -->
        <test-method signature="verifyThat_ticketCreated_with_defaultStatus_and_defaultPriority()[pri:4, instance:happyfox.helpdesk_automation.suites.Testing@7e07db1f]" started-at="2023-09-10T06:10:15 IST" name="verifyThat_ticketCreated_with_defaultStatus_and_defaultPriority" finished-at="2023-09-10T06:10:15 IST" depends-on-methods="happyfox.helpdesk_automation.suites.Testing.createTicket_fromSupport_newTicketPage" duration-ms="0" status="SKIP">
          <exception class="java.lang.Throwable">
            <message>
              <![CDATA[Method Testing.verifyThat_ticketCreated_with_defaultStatus_and_defaultPriority()[pri:4, instance:happyfox.helpdesk_automation.suites.Testing@7e07db1f] depends on not successfully finished methods]]>
            </message>
            <full-stacktrace>
              <![CDATA[java.lang.Throwable: Method Testing.verifyThat_ticketCreated_with_defaultStatus_and_defaultPriority()[pri:4, instance:happyfox.helpdesk_automation.suites.Testing@7e07db1f] depends on not successfully finished methods
at org.testng.internal.TestInvoker.invokeTestMethods(TestInvoker.java:102)
at org.testng.internal.TestMethodWorker.invokeTestMethods(TestMethodWorker.java:146)
at org.testng.internal.TestMethodWorker.run(TestMethodWorker.java:128)
at java.base/java.util.ArrayList.forEach(ArrayList.java:1511)
at org.testng.TestRunner.privateRun(TestRunner.java:794)
at org.testng.TestRunner.run(TestRunner.java:596)
at org.testng.SuiteRunner.runTest(SuiteRunner.java:377)
at org.testng.SuiteRunner.runSequentially(SuiteRunner.java:371)
at org.testng.SuiteRunner.privateRun(SuiteRunner.java:332)
at org.testng.SuiteRunner.run(SuiteRunner.java:276)
at org.testng.SuiteRunnerWorker.runSuite(SuiteRunnerWorker.java:53)
at org.testng.SuiteRunnerWorker.run(SuiteRunnerWorker.java:96)
at org.testng.TestNG.runSuitesSequentially(TestNG.java:1212)
at org.testng.TestNG.runSuitesLocally(TestNG.java:1134)
at org.testng.TestNG.runSuites(TestNG.java:1063)
at org.testng.TestNG.run(TestNG.java:1031)
at org.testng.remote.AbstractRemoteTestNG.run(AbstractRemoteTestNG.java:115)
at org.testng.remote.RemoteTestNG.initAndRun(RemoteTestNG.java:251)
at org.testng.remote.RemoteTestNG.main(RemoteTestNG.java:77)
]]>
            </full-stacktrace>
          </exception> <!-- java.lang.Throwable -->
          <reporter-output>
          </reporter-output>
        </test-method> <!-- verifyThat_ticketCreated_with_defaultStatus_and_defaultPriority -->
        <test-method signature="replyingtheTicket_usingCannedAction_andVerifyingThePropertyChange()[pri:5, instance:happyfox.helpdesk_automation.suites.Testing@7e07db1f]" started-at="2023-09-10T06:10:15 IST" name="replyingtheTicket_usingCannedAction_andVerifyingThePropertyChange" finished-at="2023-09-10T06:10:15 IST" depends-on-methods="happyfox.helpdesk_automation.suites.Testing.createTicket_fromSupport_newTicketPage" duration-ms="0" status="SKIP">
          <exception class="java.lang.Throwable">
            <message>
              <![CDATA[Method Testing.replyingtheTicket_usingCannedAction_andVerifyingThePropertyChange()[pri:5, instance:happyfox.helpdesk_automation.suites.Testing@7e07db1f] depends on not successfully finished methods]]>
            </message>
            <full-stacktrace>
              <![CDATA[java.lang.Throwable: Method Testing.replyingtheTicket_usingCannedAction_andVerifyingThePropertyChange()[pri:5, instance:happyfox.helpdesk_automation.suites.Testing@7e07db1f] depends on not successfully finished methods
at org.testng.internal.TestInvoker.invokeTestMethods(TestInvoker.java:102)
at org.testng.internal.TestMethodWorker.invokeTestMethods(TestMethodWorker.java:146)
at org.testng.internal.TestMethodWorker.run(TestMethodWorker.java:128)
at java.base/java.util.ArrayList.forEach(ArrayList.java:1511)
at org.testng.TestRunner.privateRun(TestRunner.java:794)
at org.testng.TestRunner.run(TestRunner.java:596)
at org.testng.SuiteRunner.runTest(SuiteRunner.java:377)
at org.testng.SuiteRunner.runSequentially(SuiteRunner.java:371)
at org.testng.SuiteRunner.privateRun(SuiteRunner.java:332)
at org.testng.SuiteRunner.run(SuiteRunner.java:276)
at org.testng.SuiteRunnerWorker.runSuite(SuiteRunnerWorker.java:53)
at org.testng.SuiteRunnerWorker.run(SuiteRunnerWorker.java:96)
at org.testng.TestNG.runSuitesSequentially(TestNG.java:1212)
at org.testng.TestNG.runSuitesLocally(TestNG.java:1134)
at org.testng.TestNG.runSuites(TestNG.java:1063)
at org.testng.TestNG.run(TestNG.java:1031)
at org.testng.remote.AbstractRemoteTestNG.run(AbstractRemoteTestNG.java:115)
at org.testng.remote.RemoteTestNG.initAndRun(RemoteTestNG.java:251)
at org.testng.remote.RemoteTestNG.main(RemoteTestNG.java:77)
]]>
            </full-stacktrace>
          </exception> <!-- java.lang.Throwable -->
          <reporter-output>
          </reporter-output>
        </test-method> <!-- replyingtheTicket_usingCannedAction_andVerifyingThePropertyChange -->
        <test-method signature="verifyThat_ticketisUpdated_withCannedActionProperties()[pri:6, instance:happyfox.helpdesk_automation.suites.Testing@7e07db1f]" started-at="2023-09-10T06:10:15 IST" name="verifyThat_ticketisUpdated_withCannedActionProperties" finished-at="2023-09-10T06:10:15 IST" depends-on-methods="happyfox.helpdesk_automation.suites.Testing.replyingtheTicket_usingCannedAction_andVerifyingThePropertyChange" duration-ms="0" status="SKIP">
          <exception class="java.lang.Throwable">
            <message>
              <![CDATA[Method Testing.verifyThat_ticketisUpdated_withCannedActionProperties()[pri:6, instance:happyfox.helpdesk_automation.suites.Testing@7e07db1f] depends on not successfully finished methods]]>
            </message>
            <full-stacktrace>
              <![CDATA[java.lang.Throwable: Method Testing.verifyThat_ticketisUpdated_withCannedActionProperties()[pri:6, instance:happyfox.helpdesk_automation.suites.Testing@7e07db1f] depends on not successfully finished methods
at org.testng.internal.TestInvoker.invokeTestMethods(TestInvoker.java:102)
at org.testng.internal.TestMethodWorker.invokeTestMethods(TestMethodWorker.java:146)
at org.testng.internal.TestMethodWorker.run(TestMethodWorker.java:128)
at java.base/java.util.ArrayList.forEach(ArrayList.java:1511)
at org.testng.TestRunner.privateRun(TestRunner.java:794)
at org.testng.TestRunner.run(TestRunner.java:596)
at org.testng.SuiteRunner.runTest(SuiteRunner.java:377)
at org.testng.SuiteRunner.runSequentially(SuiteRunner.java:371)
at org.testng.SuiteRunner.privateRun(SuiteRunner.java:332)
at org.testng.SuiteRunner.run(SuiteRunner.java:276)
at org.testng.SuiteRunnerWorker.runSuite(SuiteRunnerWorker.java:53)
at org.testng.SuiteRunnerWorker.run(SuiteRunnerWorker.java:96)
at org.testng.TestNG.runSuitesSequentially(TestNG.java:1212)
at org.testng.TestNG.runSuitesLocally(TestNG.java:1134)
at org.testng.TestNG.runSuites(TestNG.java:1063)
at org.testng.TestNG.run(TestNG.java:1031)
at org.testng.remote.AbstractRemoteTestNG.run(AbstractRemoteTestNG.java:115)
at org.testng.remote.RemoteTestNG.initAndRun(RemoteTestNG.java:251)
at org.testng.remote.RemoteTestNG.main(RemoteTestNG.java:77)
]]>
            </full-stacktrace>
          </exception> <!-- java.lang.Throwable -->
          <reporter-output>
          </reporter-output>
        </test-method> <!-- verifyThat_ticketisUpdated_withCannedActionProperties -->
        <test-method signature="scenarioThree()[pri:7, instance:happyfox.helpdesk_automation.suites.Testing@7e07db1f]" started-at="2023-09-10T06:10:15 IST" name="scenarioThree" finished-at="2023-09-10T06:10:15 IST" depends-on-methods="happyfox.helpdesk_automation.suites.Testing.verify_status_and_priority_isCreated" duration-ms="18" status="FAIL">
          <exception class="org.openqa.selenium.NoSuchElementException">
            <message>
              <![CDATA[The element with the reference 6c3f0697-bc31-4fe6-b1be-b5f44b603eee is not known in the current browsing context
For documentation on this error, please visit: https://www.selenium.dev/documentation/webdriver/troubleshooting/errors#no-such-element-exception
Build info: version: '4.11.0', revision: '040bc5406b'
System info: os.name: 'Windows 10', os.arch: 'amd64', os.version: '10.0', java.version: '19.0.2'
Driver info: org.openqa.selenium.firefox.FirefoxDriver
Command: [da04b2bf-c835-4c90-af92-4fa2985e8a2c, actions {actions=[org.openqa.selenium.interactions.Sequence@31aab981]}]
Capabilities {acceptInsecureCerts: true, browserName: firefox, browserVersion: 115.2.0, moz:accessibilityChecks: false, moz:buildID: 20230821110938, moz:debuggerAddress: 127.0.0.1:31203, moz:geckodriverVersion: 0.33.0, moz:headless: false, moz:platformVersion: 10.0, moz:processID: 31196, moz:profile: C:\Users\ckishorw\AppData\L..., moz:shutdownTimeout: 60000, moz:useNonSpecCompliantPointerOrigin: false, moz:webdriverClick: true, moz:windowless: false, pageLoadStrategy: normal, platformName: windows, proxy: Proxy(), se:cdp: ws://127.0.0.1:31203/devtoo..., se:cdpVersion: 85.0, setWindowRect: true, strictFileInteractability: false, timeouts: {implicit: 0, pageLoad: 300000, script: 30000}, unhandledPromptBehavior: dismiss and notify}
Session ID: da04b2bf-c835-4c90-af92-4fa2985e8a2c]]>
            </message>
            <full-stacktrace>
              <![CDATA[org.openqa.selenium.NoSuchElementException: The element with the reference 6c3f0697-bc31-4fe6-b1be-b5f44b603eee is not known in the current browsing context
For documentation on this error, please visit: https://www.selenium.dev/documentation/webdriver/troubleshooting/errors#no-such-element-exception
Build info: version: '4.11.0', revision: '040bc5406b'
System info: os.name: 'Windows 10', os.arch: 'amd64', os.version: '10.0', java.version: '19.0.2'
Driver info: org.openqa.selenium.firefox.FirefoxDriver
Command: [da04b2bf-c835-4c90-af92-4fa2985e8a2c, actions {actions=[org.openqa.selenium.interactions.Sequence@31aab981]}]
Capabilities {acceptInsecureCerts: true, browserName: firefox, browserVersion: 115.2.0, moz:accessibilityChecks: false, moz:buildID: 20230821110938, moz:debuggerAddress: 127.0.0.1:31203, moz:geckodriverVersion: 0.33.0, moz:headless: false, moz:platformVersion: 10.0, moz:processID: 31196, moz:profile: C:\Users\ckishorw\AppData\L..., moz:shutdownTimeout: 60000, moz:useNonSpecCompliantPointerOrigin: false, moz:webdriverClick: true, moz:windowless: false, pageLoadStrategy: normal, platformName: windows, proxy: Proxy(), se:cdp: ws://127.0.0.1:31203/devtoo..., se:cdpVersion: 85.0, setWindowRect: true, strictFileInteractability: false, timeouts: {implicit: 0, pageLoad: 300000, script: 30000}, unhandledPromptBehavior: dismiss and notify}
Session ID: da04b2bf-c835-4c90-af92-4fa2985e8a2c
at java.base/jdk.internal.reflect.DirectConstructorHandleAccessor.newInstance(DirectConstructorHandleAccessor.java:67)
at java.base/java.lang.reflect.Constructor.newInstanceWithCaller(Constructor.java:500)
at java.base/java.lang.reflect.Constructor.newInstance(Constructor.java:484)
at org.openqa.selenium.remote.codec.w3c.W3CHttpResponseCodec.createException(W3CHttpResponseCodec.java:200)
at org.openqa.selenium.remote.codec.w3c.W3CHttpResponseCodec.decode(W3CHttpResponseCodec.java:133)
at org.openqa.selenium.remote.codec.w3c.W3CHttpResponseCodec.decode(W3CHttpResponseCodec.java:52)
at org.openqa.selenium.remote.HttpCommandExecutor.execute(HttpCommandExecutor.java:191)
at org.openqa.selenium.remote.service.DriverCommandExecutor.invokeExecute(DriverCommandExecutor.java:196)
at org.openqa.selenium.remote.service.DriverCommandExecutor.execute(DriverCommandExecutor.java:171)
at org.openqa.selenium.remote.RemoteWebDriver.execute(RemoteWebDriver.java:518)
at org.openqa.selenium.remote.RemoteWebDriver.perform(RemoteWebDriver.java:604)
at org.openqa.selenium.interactions.Actions$BuiltAction.perform(Actions.java:605)
at happyfox.helpdesk_automation.SystemService.mouseHover(SystemService.java:70)
at happyfox.helpdesk_automation.Helpdesk.selectMenu(Helpdesk.java:62)
at happyfox.helpdesk_automation.suites.Testing.scenarioThree(Testing.java:251)
at java.base/jdk.internal.reflect.DirectMethodHandleAccessor.invoke(DirectMethodHandleAccessor.java:104)
at java.base/java.lang.reflect.Method.invoke(Method.java:578)
at org.testng.internal.MethodInvocationHelper.invokeMethod(MethodInvocationHelper.java:133)
at org.testng.internal.TestInvoker.invokeMethod(TestInvoker.java:598)
at org.testng.internal.TestInvoker.invokeTestMethod(TestInvoker.java:173)
at org.testng.internal.MethodRunner.runInSequence(MethodRunner.java:46)
at org.testng.internal.TestInvoker$MethodInvocationAgent.invoke(TestInvoker.java:824)
at org.testng.internal.TestInvoker.invokeTestMethods(TestInvoker.java:146)
at org.testng.internal.TestMethodWorker.invokeTestMethods(TestMethodWorker.java:146)
at org.testng.internal.TestMethodWorker.run(TestMethodWorker.java:128)
at java.base/java.util.ArrayList.forEach(ArrayList.java:1511)
at org.testng.TestRunner.privateRun(TestRunner.java:794)
at org.testng.TestRunner.run(TestRunner.java:596)
at org.testng.SuiteRunner.runTest(SuiteRunner.java:377)
at org.testng.SuiteRunner.runSequentially(SuiteRunner.java:371)
at org.testng.SuiteRunner.privateRun(SuiteRunner.java:332)
at org.testng.SuiteRunner.run(SuiteRunner.java:276)
at org.testng.SuiteRunnerWorker.runSuite(SuiteRunnerWorker.java:53)
at org.testng.SuiteRunnerWorker.run(SuiteRunnerWorker.java:96)
at org.testng.TestNG.runSuitesSequentially(TestNG.java:1212)
at org.testng.TestNG.runSuitesLocally(TestNG.java:1134)
at org.testng.TestNG.runSuites(TestNG.java:1063)
at org.testng.TestNG.run(TestNG.java:1031)
at org.testng.remote.AbstractRemoteTestNG.run(AbstractRemoteTestNG.java:115)
at org.testng.remote.RemoteTestNG.initAndRun(RemoteTestNG.java:251)
at org.testng.remote.RemoteTestNG.main(RemoteTestNG.java:77)
]]>
            </full-stacktrace>
          </exception> <!-- org.openqa.selenium.NoSuchElementException -->
          <reporter-output>
          </reporter-output>
        </test-method> <!-- scenarioThree -->
        <test-method is-config="true" signature="beforeMethod()[pri:0, instance:happyfox.helpdesk_automation.suites.Testing@7e07db1f]" started-at="2023-09-10T06:10:15 IST" name="beforeMethod" finished-at="2023-09-10T06:10:15 IST" duration-ms="0" status="PASS">
          <reporter-output>
          </reporter-output>
        </test-method> <!-- beforeMethod -->
        <test-method is-config="true" signature="afetrMethod()[pri:0, instance:happyfox.helpdesk_automation.suites.Testing@7e07db1f]" started-at="2023-09-10T06:10:15 IST" name="afetrMethod" finished-at="2023-09-10T06:10:18 IST" duration-ms="2679" status="PASS">
          <reporter-output>
          </reporter-output>
        </test-method> <!-- afetrMethod -->
        <test-method is-config="true" signature="tearDown()[pri:0, instance:happyfox.helpdesk_automation.suites.Testing@7e07db1f]" started-at="2023-09-10T06:10:18 IST" name="tearDown" finished-at="2023-09-10T06:10:18 IST" duration-ms="1" status="PASS">
          <reporter-output>
          </reporter-output>
        </test-method> <!-- tearDown -->
      </class> <!-- happyfox.helpdesk_automation.suites.Testing -->
    </test> <!-- Happyfox Helpdesk Automation -->
  </suite> <!-- Helpdesk Test Suite -->
</testng-results>
