<?xml version="1.0" encoding="UTF-8"?>
<!-- Generated by org.testng.reporters.JUnitXMLReporter -->
<testsuite ignored="0" hostname="MAA15CND8042WNV" failures="2" tests="7" name="Happyfox Helpdesk Automation" time="218.645" errors="0" timestamp="2023-09-10T06:10:18 IST">
  <testcase classname="happyfox.helpdesk_automation.suites.Testing" name="verify_status_and_priority_isCreated" time="41.495"/>
  <testcase classname="happyfox.helpdesk_automation.suites.Testing" name="verifyThatCreated_status_and_priority_isDefaulted" time="89.68"/>
  <testcase classname="happyfox.helpdesk_automation.suites.Testing" name="createTicket_fromSupport_newTicketPage" time="14.65">
    <failure type="java.lang.ClassCastException" message="class jdk.proxy2.$Proxy22 cannot be cast to class org.openqa.selenium.By (jdk.proxy2.$Proxy22 is in module jdk.proxy2 of loader &amp;apos;app&amp;apos;; org.openqa.selenium.By is in unnamed module of loader &amp;apos;app&amp;apos;)">
      <![CDATA[java.lang.ClassCastException: class jdk.proxy2.$Proxy22 cannot be cast to class org.openqa.selenium.By (jdk.proxy2.$Proxy22 is in module jdk.proxy2 of loader 'app'; org.openqa.selenium.By is in unnamed module of loader 'app')
at happyfox.helpdesk_automation.pages.support.newTicket.NewTicket.ticketCreatedMsg(NewTicket.java:92)
at happyfox.helpdesk_automation.suites.Testing.createTicket_fromSupport_newTicketPage(Testing.java:197)
at java.base/java.util.ArrayList.forEach(ArrayList.java:1511)
... Removed 25 stack frames]]>
    </failure>
  </testcase> <!-- createTicket_fromSupport_newTicketPage -->
  <testcase classname="happyfox.helpdesk_automation.suites.Testing" name="verifyThat_ticketCreated_with_defaultStatus_and_defaultPriority" time="0.0">
    <skipped/>
  </testcase> <!-- verifyThat_ticketCreated_with_defaultStatus_and_defaultPriority -->
  <testcase classname="happyfox.helpdesk_automation.suites.Testing" name="replyingtheTicket_usingCannedAction_andVerifyingThePropertyChange" time="0.0">
    <skipped/>
  </testcase> <!-- replyingtheTicket_usingCannedAction_andVerifyingThePropertyChange -->
  <testcase classname="happyfox.helpdesk_automation.suites.Testing" name="verifyThat_ticketisUpdated_withCannedActionProperties" time="0.0">
    <skipped/>
  </testcase> <!-- verifyThat_ticketisUpdated_withCannedActionProperties -->
  <testcase classname="happyfox.helpdesk_automation.suites.Testing" name="scenarioThree" time="0.018">
    <failure type="org.openqa.selenium.NoSuchElementException" message="The element with the reference 6c3f0697-bc31-4fe6-b1be-b5f44b603eee is not known in the current browsing context
For documentation on this error, please visit: https://www.selenium.dev/documentation/webdriver/troubleshooting/errors#no-such-element-exception
Build info: version: &amp;apos;4.11.0&amp;apos;, revision: &amp;apos;040bc5406b&amp;apos;
System info: os.name: &amp;apos;Windows 10&amp;apos;, os.arch: &amp;apos;amd64&amp;apos;, os.version: &amp;apos;10.0&amp;apos;, java.version: &amp;apos;19.0.2&amp;apos;
Driver info: org.openqa.selenium.firefox.FirefoxDriver
Command: [da04b2bf-c835-4c90-af92-4fa2985e8a2c, actions {actions=[org.openqa.selenium.interactions.Sequence@31aab981]}]
Capabilities {acceptInsecureCerts: true, browserName: firefox, browserVersion: 115.2.0, moz:accessibilityChecks: false, moz:buildID: 20230821110938, moz:debuggerAddress: 127.0.0.1:31203, moz:geckodriverVersion: 0.33.0, moz:headless: false, moz:platformVersion: 10.0, moz:processID: 31196, moz:profile: C:\Users\ckishorw\AppData\L..., moz:shutdownTimeout: 60000, moz:useNonSpecCompliantPointerOrigin: false, moz:webdriverClick: true, moz:windowless: false, pageLoadStrategy: normal, platformName: windows, proxy: Proxy(), se:cdp: ws://127.0.0.1:31203/devtoo..., se:cdpVersion: 85.0, setWindowRect: true, strictFileInteractability: false, timeouts: {implicit: 0, pageLoad: 300000, script: 30000}, unhandledPromptBehavior: dismiss and notify}
Session ID: da04b2bf-c835-4c90-af92-4fa2985e8a2c">
      <![CDATA[org.openqa.selenium.NoSuchElementException: The element with the reference 6c3f0697-bc31-4fe6-b1be-b5f44b603eee is not known in the current browsing context
For documentation on this error, please visit: https://www.selenium.dev/documentation/webdriver/troubleshooting/errors#no-such-element-exception
Build info: version: '4.11.0', revision: '040bc5406b'
System info: os.name: 'Windows 10', os.arch: 'amd64', os.version: '10.0', java.version: '19.0.2'
Driver info: org.openqa.selenium.firefox.FirefoxDriver
Command: [da04b2bf-c835-4c90-af92-4fa2985e8a2c, actions {actions=[org.openqa.selenium.interactions.Sequence@31aab981]}]
Capabilities {acceptInsecureCerts: true, browserName: firefox, browserVersion: 115.2.0, moz:accessibilityChecks: false, moz:buildID: 20230821110938, moz:debuggerAddress: 127.0.0.1:31203, moz:geckodriverVersion: 0.33.0, moz:headless: false, moz:platformVersion: 10.0, moz:processID: 31196, moz:profile: C:\Users\ckishorw\AppData\L..., moz:shutdownTimeout: 60000, moz:useNonSpecCompliantPointerOrigin: false, moz:webdriverClick: true, moz:windowless: false, pageLoadStrategy: normal, platformName: windows, proxy: Proxy(), se:cdp: ws://127.0.0.1:31203/devtoo..., se:cdpVersion: 85.0, setWindowRect: true, strictFileInteractability: false, timeouts: {implicit: 0, pageLoad: 300000, script: 30000}, unhandledPromptBehavior: dismiss and notify}
Session ID: da04b2bf-c835-4c90-af92-4fa2985e8a2c
at org.openqa.selenium.remote.codec.w3c.W3CHttpResponseCodec.createException(W3CHttpResponseCodec.java:200)
at org.openqa.selenium.remote.codec.w3c.W3CHttpResponseCodec.decode(W3CHttpResponseCodec.java:133)
at org.openqa.selenium.remote.codec.w3c.W3CHttpResponseCodec.decode(W3CHttpResponseCodec.java:52)
at org.openqa.selenium.remote.HttpCommandExecutor.execute(HttpCommandExecutor.java:191)
at org.openqa.selenium.remote.service.DriverCommandExecutor.invokeExecute(DriverCommandExecutor.java:196)
at org.openqa.selenium.remote.service.DriverCommandExecutor.execute(DriverCommandExecutor.java:171)
at org.openqa.selenium.remote.RemoteWebDriver.execute(RemoteWebDriver.java:518)
at org.openqa.selenium.remote.RemoteWebDriver.perform(RemoteWebDriver.java:604)
at org.openqa.selenium.interactions.Actions$BuiltAction.perform(Actions.java:605)
at happyfox.helpdesk_automation.SystemService.mouseHover(SystemService.java:70)
at happyfox.helpdesk_automation.Helpdesk.selectMenu(Helpdesk.java:62)
at happyfox.helpdesk_automation.suites.Testing.scenarioThree(Testing.java:251)
at java.base/java.util.ArrayList.forEach(ArrayList.java:1511)
... Removed 28 stack frames]]>
    </failure>
  </testcase> <!-- scenarioThree -->
</testsuite> <!-- Happyfox Helpdesk Automation -->
